<?xml version="1.0" encoding="UTF-8"?>
<testng-results ignored="0" total="1" passed="1" failed="0" skipped="0">
  <reporter-output>
  </reporter-output>
  <suite started-at="2024-04-20T11:29:44 WIB" name="Default suite" finished-at="2024-04-20T11:29:56 WIB" duration-ms="12040">
    <groups>
    </groups>
    <test started-at="2024-04-20T11:29:44 WIB" name="Default test" finished-at="2024-04-20T11:29:56 WIB" duration-ms="12040">
      <class name="com.test.HomePageTest">
        <test-method is-config="true" signature="init()[pri:0, instance:com.test.HomePageTest@3ee37e5a]" started-at="2024-04-20T11:29:44 WIB" name="init" finished-at="2024-04-20T11:29:54 WIB" duration-ms="10055" status="PASS">
          <reporter-output>
          </reporter-output>
        </test-method> <!-- init -->
        <test-method signature="buttonTest()[pri:0, instance:com.test.HomePageTest@3ee37e5a]" started-at="2024-04-20T11:29:54 WIB" name="buttonTest" finished-at="2024-04-20T11:29:56 WIB" duration-ms="1592" status="PASS">
          <reporter-output>
          </reporter-output>
        </test-method> <!-- buttonTest -->
        <test-method is-config="true" signature="close()[pri:0, instance:com.test.HomePageTest@3ee37e5a]" started-at="2024-04-20T11:29:56 WIB" name="close" finished-at="2024-04-20T11:29:56 WIB" duration-ms="295" status="PASS">
          <reporter-output>
          </reporter-output>
        </test-method> <!-- close -->
      </class> <!-- com.test.HomePageTest -->
    </test> <!-- Default test -->
  </suite> <!-- Default suite -->
</testng-results>
